[2026-01-06 14:23:48] [MockTrain] === Simulation Started ===
[2026-01-06 14:23:48] [MockTrain] Mode: NORMAL
[2026-01-06 14:23:48] [MockTrain] Task scheduled for 5 seconds.
[2026-01-06 14:25:10] [MockTrain] Visible GPU Devices: 0
[2026-01-06 14:25:10] [MockTrain] Attempting to allocate 4.0GB VRAM...
[2026-01-06 14:25:10] [MockTrain] SUCCESS: Allocated 4.0GB VRAM on GPU. Memory is now occupied.
[2026-01-06 14:25:10] [MockTrain] Tensor shape: torch.Size([1073741824]), Device: cuda:0
[2026-01-06 14:25:10] [MockTrain] Starting dummy computations to spike GPU utilization...

Training: 0/5s | Loss: 0.0058 | 12.5it/s
Training: 0/5s | Loss: 0.2712 | 12.5it/s
Training: 1/5s | Loss: 0.8118 | 12.5it/s
Training: 1/5s | Loss: 0.0725 | 12.5it/s
Training: 2/5s | Loss: 0.4732 | 12.5it/s
Training: 2/5s | Loss: 0.9932 | 12.5it/s
Training: 3/5s | Loss: 0.5890 | 12.5it/s
Training: 3/5s | Loss: 0.5645 | 12.5it/s
Training: 4/5s | Loss: 0.6348 | 12.5it/s
Training: 4/5s | Loss: 0.7704 | 12.5it/s
[2026-01-06 14:25:15] [MockTrain] Artifact saved to D:\Desktop\Develop\SelfProject\AutoTrainer\test\mock1\result.png
[2026-01-06 14:25:15] [MockTrain] Main process finished successfully.
